<?xml version="1.0" encoding="UTF-8"?>
<!-- Generated by org.testng.reporters.JUnitReportReporter -->
<testsuite skipped="0" hostname="Balajis-MBP.lan" name="imdb.ImdbPro" tests="2" failures="0" timestamp="2022-12-22T20:44:47 CST" time="17.502" errors="0">
  <testcase name="test1" time="13.794" classname="imdb.ImdbPro"/>
  <system-out/>
  <testcase name="test2" time="3.708" classname="imdb.ImdbPro"/>
  <system-out/>
</testsuite> <!-- imdb.ImdbPro -->
